<?xml version="1.0" encoding="UTF-8" ?>
<testsuite tests="41" failures="0" name="PageRankTest" time="0.09" errors="0" skipped="0">
  <properties>
[...]
</properties>
  <testcase classname="PageRankTest" name="CalcTest" time="0.027"/>
  <testcase classname="PageRankTest" name="ChangePageRankTest1" time="0"/>
  <testcase classname="PageRankTest" name="ChangePageRankTest2" time="0.001"/>
  <testcase classname="PageRankTest" name="ChangePageRankTest3" time="0"/>
  <testcase classname="PageRankTest" name="CheckingPageRankTest1" time="0"/>
  <testcase classname="PageRankTest" name="CheckingPageRankTest2" time="0.001"/>
  <testcase classname="PageRankTest" name="ConvertTest" time="0"/>
  <testcase classname="PageRankTest" name="ConvertTest10" time="0.001"/>
  <testcase classname="PageRankTest" name="ConvertTest2" time="0"/>
  <testcase classname="PageRankTest" name="ConvertTest3" time="0"/>
  <testcase classname="PageRankTest" name="ConvertTest4" time="0.002"/>
  <testcase classname="PageRankTest" name="ConvertTest5" time="0.002"/>
  <testcase classname="PageRankTest" name="ConvertTest6" time="0"/>
  <testcase classname="PageRankTest" name="ConvertTest7" time="0"/>
  <testcase classname="PageRankTest" name="ConvertTest8" time="0.001"/>
  <testcase classname="PageRankTest" name="ConvertTest9" time="0"/>
  <testcase classname="PageRankTest" name="DataTest1" time="0.015"/>
  <testcase classname="PageRankTest" name="DataTest2" time="0.011"/>
  <testcase classname="PageRankTest" name="DataTest3" time="0.021"/>
  <testcase classname="PageRankTest" name="NoPreferenceTest1" time="0"/>
  <testcase classname="PageRankTest" name="NoPreferenceTest2" time="0"/>
  <testcase classname="PageRankTest" name="OrderTest1" time="0"/>
  <testcase classname="PageRankTest" name="OrderTest2" time="0.001"/>
  <testcase classname="PageRankTest" name="OrderTest3" time="0"/>
  <testcase classname="PageRankTest" name="OrderTest4" time="0"/>
  <testcase classname="PageRankTest" name="OrderTest5" time="0.001"/>
  <testcase classname="PageRankTest" name="OrderTest6" time="0"/>
  <testcase classname="PageRankTest" name="PageRankTest" time="0"/>
  <testcase classname="PageRankTest" name="ReadingDataTest" time="0.001"/>
  <testcase classname="PageRankTest" name="SizeNamesTest" time="0"/>
  <testcase classname="PageRankTest" name="SizeNodessTest" time="0"/>
  <testcase classname="PageRankTest" name="SizePathTest" time="0.001"/>
  <testcase classname="PageRankTest" name="Step1PageRankTest" time="0"/>
  <testcase classname="PageRankTest" name="Step2PageRankTest" time="0"/>
  <testcase classname="PageRankTest" name="Step3PageRankTest" time="0.001"/>
  <testcase classname="PageRankTest" name="StudentPreferenceTest" time="0"/>
  <testcase classname="PageRankTest" name="SwapNameTest1" time="0"/>
  <testcase classname="PageRankTest" name="SwapNameTest2" time="0.001"/>
  <testcase classname="PageRankTest" name="SwapNameTest3" time="0"/>
  <testcase classname="PageRankTest" name="SwapNameTest4" time="0.001"/>
  <testcase classname="PageRankTest" name="TotalNodesTest" time="0.001"/>
</testsuite>